
*** Running vivado
    with args -log design_1_xbar_6.vds -m64 -product Vivado -mode batch -messageDb vivado.pb -notrace -source design_1_xbar_6.tcl



****** Vivado v2022.2 (64-bit)
  **** SW Build 3671981 on Fri Oct 14 05:00:03 MDT 2022
  **** IP Build 3669848 on Fri Oct 14 08:30:02 MDT 2022
    ** Copyright 1986-2022 Xilinx, Inc. All Rights Reserved.

source design_1_xbar_6.tcl -notrace
create_project: Time (s): cpu = 00:00:10 ; elapsed = 00:00:11 . Memory (MB): peak = 412.668 ; gain = 77.688
INFO: [IP_Flow 19-234] Refreshing IP repositories
INFO: [IP_Flow 19-1700] Loaded user IP repository 'd:/AudioProcessing/Project/Repo/SimpleMixer/SW/Vivado/vivado-library-master'.
INFO: [IP_Flow 19-2313] Loaded Vivado IP repository 'C:/Xilinx/Vivado/2022.2/data/ip'.
WARNING: [IP_Flow 19-4995] The host OS only allows 260 characters in a normal path. The IP cache path is more than 80 characters. If you experience issues with IP caching, please consider changing the IP cache to a location with a shorter path. Alternately consider using the OS subst command to map part of the path to a drive letter. 
Current IP cache path is d:/AudioProcessing/Project/Repo/SimpleMixer/SW/Vivado/Vivado_SimpleMixer/Vivado_SimpleMixer.cache/ip 
INFO: [IP_Flow 19-6924] IPCACHE: Running cache check for IP inst: design_1_xbar_6
INFO: [IP_Flow 19-6922] IPCACHE: Exporting cached entry 96cdf2ca36d78700 to dir: D:/AudioProcessing/Project/Repo/SimpleMixer/SW/Vivado/Vivado_SimpleMixer/Vivado_SimpleMixer.runs/design_1_xbar_6_synth_1
INFO: [IP_Flow 19-6928] IPCACHE: copied cached file d:/AudioProcessing/Project/Repo/SimpleMixer/SW/Vivado/Vivado_SimpleMixer/Vivado_SimpleMixer.cache/ip/2022.2/9/6/96cdf2ca36d78700/design_1_xbar_6.dcp to D:/AudioProcessing/Project/Repo/SimpleMixer/SW/Vivado/Vivado_SimpleMixer/Vivado_SimpleMixer.runs/design_1_xbar_6_synth_1/design_1_xbar_6.dcp.
INFO: [IP_Flow 19-6928] IPCACHE: copied cached file d:/AudioProcessing/Project/Repo/SimpleMixer/SW/Vivado/Vivado_SimpleMixer/Vivado_SimpleMixer.cache/ip/2022.2/9/6/96cdf2ca36d78700/design_1_xbar_6_sim_netlist.v to D:/AudioProcessing/Project/Repo/SimpleMixer/SW/Vivado/Vivado_SimpleMixer/Vivado_SimpleMixer.runs/design_1_xbar_6_synth_1/design_1_xbar_6_sim_netlist.v.
INFO: [IP_Flow 19-6928] IPCACHE: copied cached file d:/AudioProcessing/Project/Repo/SimpleMixer/SW/Vivado/Vivado_SimpleMixer/Vivado_SimpleMixer.cache/ip/2022.2/9/6/96cdf2ca36d78700/design_1_xbar_6_sim_netlist.vhdl to D:/AudioProcessing/Project/Repo/SimpleMixer/SW/Vivado/Vivado_SimpleMixer/Vivado_SimpleMixer.runs/design_1_xbar_6_synth_1/design_1_xbar_6_sim_netlist.vhdl.
INFO: [IP_Flow 19-6928] IPCACHE: copied cached file d:/AudioProcessing/Project/Repo/SimpleMixer/SW/Vivado/Vivado_SimpleMixer/Vivado_SimpleMixer.cache/ip/2022.2/9/6/96cdf2ca36d78700/design_1_xbar_6_stub.v to D:/AudioProcessing/Project/Repo/SimpleMixer/SW/Vivado/Vivado_SimpleMixer/Vivado_SimpleMixer.runs/design_1_xbar_6_synth_1/design_1_xbar_6_stub.v.
INFO: [IP_Flow 19-6928] IPCACHE: copied cached file d:/AudioProcessing/Project/Repo/SimpleMixer/SW/Vivado/Vivado_SimpleMixer/Vivado_SimpleMixer.cache/ip/2022.2/9/6/96cdf2ca36d78700/design_1_xbar_6_stub.vhdl to D:/AudioProcessing/Project/Repo/SimpleMixer/SW/Vivado/Vivado_SimpleMixer/Vivado_SimpleMixer.runs/design_1_xbar_6_synth_1/design_1_xbar_6_stub.vhdl.
INFO: [IP_Flow 19-4838] Using cached IP synthesis design for IP design_1_xbar_6, cache-ID = 96cdf2ca36d78700.
INFO: [Common 17-206] Exiting Vivado at Fri Dec 30 20:00:08 2022...
