23:02:55 **** Incremental Build of configuration Debug for project SimpleMixerApp ****
make all 
C:/Xilinx/Vitis/2022.2/gnuwin/bin/make --no-print-directory pre-build
a9-linaro-pre-build-step
' '
C:/Xilinx/Vitis/2022.2/gnuwin/bin/make --no-print-directory main-build
'Building file: ../src/I2S/source/I2S.c'
'Invoking: ARM v7 gcc compiler'
arm-none-eabi-gcc -Wall -O0 -g3 -ID:/AudioProcessing/Project/Repo/SimpleMixer/SW/Vitis/SimpleMixer_Platform/export/SimpleMixer_Platform/sw/SimpleMixer_Platform/standalone_domain/bspinclude/include -I"D:/AudioProcessing/Project/Repo/SimpleMixer/SW/Vitis/SimpleMixerApp\src\AudioFormatter\include" -I"D:/AudioProcessing/Project/Repo/SimpleMixer/SW/Vitis/SimpleMixerApp\src\I2S\include" -c -fmessage-length=0 -MT"src/I2S/source/I2S.o" -mcpu=cortex-a9 -mfpu=vfpv3 -mfloat-abi=hard -MMD -MP -MF"src/I2S/source/I2S.d" -MT"src/I2S/source/I2S.o" -o "src/I2S/source/I2S.o" "../src/I2S/source/I2S.c"
In file included from ../src/I2S/source/I2S.c:14:
D:/AudioProcessing/Project/Repo/SimpleMixer/SW/Vitis/SimpleMixerApp\src\I2S\include/I2S.h:48: warning: "XPAR_I2S_RECEIVER_0_AESCHANNEL_STATUS4" redefined
   48 | #define XPAR_I2S_RECEIVER_0_AESCHANNEL_STATUS4          0x64
      | 
D:/AudioProcessing/Project/Repo/SimpleMixer/SW/Vitis/SimpleMixerApp\src\I2S\include/I2S.h:46: note: this is the location of the previous definition
   46 | #define XPAR_I2S_RECEIVER_0_AESCHANNEL_STATUS4          0x60
      | 
../src/I2S/source/I2S.c: In function 'I2S_Init':
../src/I2S/source/I2S.c:61:13: warning: unused variable 'AudioFormatterRunStop' [-Wunused-variable]
   61 |         u32 AudioFormatterRunStop = Xil_In32(XPAR_XAUDIOFORMATTER_0_BASEADDR + 0x10); // check if audio formatter is ran
      |             ^~~~~~~~~~~~~~~~~~~~~
'Finished building: ../src/I2S/source/I2S.c'
' '
'Building file: ../src/AudioFormatter/source/AudioFormatter.c'
'Invoking: ARM v7 gcc compiler'
arm-none-eabi-gcc -Wall -O0 -g3 -ID:/AudioProcessing/Project/Repo/SimpleMixer/SW/Vitis/SimpleMixer_Platform/export/SimpleMixer_Platform/sw/SimpleMixer_Platform/standalone_domain/bspinclude/include -I"D:/AudioProcessing/Project/Repo/SimpleMixer/SW/Vitis/SimpleMixerApp\src\AudioFormatter\include" -I"D:/AudioProcessing/Project/Repo/SimpleMixer/SW/Vitis/SimpleMixerApp\src\I2S\include" -c -fmessage-length=0 -MT"src/AudioFormatter/source/AudioFormatter.o" -mcpu=cortex-a9 -mfpu=vfpv3 -mfloat-abi=hard -MMD -MP -MF"src/AudioFormatter/source/AudioFormatter.d" -MT"src/AudioFormatter/source/AudioFormatter.o" -o "src/AudioFormatter/source/AudioFormatter.o" "../src/AudioFormatter/source/AudioFormatter.c"
../src/AudioFormatter/source/AudioFormatter.c: In function 'AudioFormatter_Init':
../src/AudioFormatter/source/AudioFormatter.c:21:13: warning: unused variable 'AudioFormatterRunStop' [-Wunused-variable]
   21 |         u32 AudioFormatterRunStop = Xil_In32(XPAR_XAUDIOFORMATTER_0_BASEADDR + 0x10); // check if audio formatter is ran
      |             ^~~~~~~~~~~~~~~~~~~~~
'Finished building: ../src/AudioFormatter/source/AudioFormatter.c'
' '
'Building file: ../src/helloworld.c'
'Invoking: ARM v7 gcc compiler'
arm-none-eabi-gcc -Wall -O0 -g3 -ID:/AudioProcessing/Project/Repo/SimpleMixer/SW/Vitis/SimpleMixer_Platform/export/SimpleMixer_Platform/sw/SimpleMixer_Platform/standalone_domain/bspinclude/include -I"D:/AudioProcessing/Project/Repo/SimpleMixer/SW/Vitis/SimpleMixerApp\src\AudioFormatter\include" -I"D:/AudioProcessing/Project/Repo/SimpleMixer/SW/Vitis/SimpleMixerApp\src\I2S\include" -c -fmessage-length=0 -MT"src/helloworld.o" -mcpu=cortex-a9 -mfpu=vfpv3 -mfloat-abi=hard -MMD -MP -MF"src/helloworld.d" -MT"src/helloworld.o" -o "src/helloworld.o" "../src/helloworld.c"
../src/helloworld.c:54:10: fatal error: ps7_init.h: No such file or directory
   54 | #include "ps7_init.h"
      |          ^~~~~~~~~~~~
compilation terminated.
make[1]: *** [src/subdir.mk:26: src/helloworld.o] Error 1
make: *** [makefile:36: all] Error 2

23:02:56 Build Finished (took 1s.224ms)

