22:03:45 DEBUG : Logs will be stored at 'D:/AudioProcessing/Project/Repo/SimpleMixer/SW/Vitis/IDE.log'.
22:03:49 INFO  : Launching XSCT server: xsct.bat -n  -interactive D:\AudioProcessing\Project\Repo\SimpleMixer\SW\Vitis\temp_xsdb_launch_script.tcl
22:03:49 INFO  : Platform repository initialization has completed.
22:03:50 INFO  : Registering command handlers for Vitis TCF services
22:03:54 INFO  : XSCT server has started successfully.
22:03:54 INFO  : Successfully done setting XSCT server connection channel  
22:03:54 INFO  : plnx-install-location is set to ''
22:03:54 INFO  : Successfully done query RDI_DATADIR 
22:03:54 INFO  : Successfully done setting workspace for the tool. 
22:08:27 INFO  : Result from executing command 'getProjects': SimpleMixer_Platform
22:08:28 INFO  : Result from executing command 'getPlatforms': 
22:13:24 INFO  : Result from executing command 'getProjects': SimpleMixer_Platform
22:13:24 INFO  : Result from executing command 'getPlatforms': SimpleMixer_Platform|D:/AudioProcessing/Project/Repo/SimpleMixer/SW/Vitis/SimpleMixer_Platform/export/SimpleMixer_Platform/SimpleMixer_Platform.xpfm
22:16:06 INFO  : Result from executing command 'getProjects': SimpleMixer_Platform
22:16:06 INFO  : Result from executing command 'getPlatforms': SimpleMixer_Platform|D:/AudioProcessing/Project/Repo/SimpleMixer/SW/Vitis/SimpleMixer_Platform/export/SimpleMixer_Platform/SimpleMixer_Platform.xpfm
22:16:09 INFO  : Platform 'SimpleMixer_Platform' is added to custom repositories.
22:17:37 INFO  : Result from executing command 'getProjects': SimpleMixer_Platform
22:17:37 INFO  : Result from executing command 'getPlatforms': SimpleMixer_Platform|D:/AudioProcessing/Project/Repo/SimpleMixer/SW/Vitis/SimpleMixer_Platform/export/SimpleMixer_Platform/SimpleMixer_Platform.xpfm
22:17:37 INFO  : Checking for BSP changes to sync application flags for project 'fsbl'...
22:30:30 INFO  : Checking for BSP changes to sync application flags for project 'SimpleMixerApp'...
22:42:11 INFO  : Checking for BSP changes to sync application flags for project 'SimpleMixerApp'...
22:45:46 INFO  : Checking for BSP changes to sync application flags for project 'SimpleMixerApp'...
22:48:15 INFO  : Checking for BSP changes to sync application flags for project 'SimpleMixerApp'...
22:54:34 INFO  : Checking for BSP changes to sync application flags for project 'SimpleMixerApp'...
22:55:08 INFO  : Checking for BSP changes to sync application flags for project 'SimpleMixerApp'...
22:56:20 INFO  : Checking for BSP changes to sync application flags for project 'SimpleMixerApp'...
22:56:36 INFO  : Checking for BSP changes to sync application flags for project 'SimpleMixerApp'...
22:57:01 INFO  : Checking for BSP changes to sync application flags for project 'SimpleMixerApp'...
22:57:08 INFO  : Checking for BSP changes to sync application flags for project 'fsbl'...
23:00:34 INFO  : Checking for BSP changes to sync application flags for project 'SimpleMixerApp'...
23:01:23 INFO  : Checking for BSP changes to sync application flags for project 'SimpleMixerApp'...
23:01:45 INFO  : Checking for BSP changes to sync application flags for project 'SimpleMixerApp'...
23:02:54 INFO  : Checking for BSP changes to sync application flags for project 'SimpleMixerApp'...
23:05:29 INFO  : Checking for BSP changes to sync application flags for project 'App'...
23:05:58 INFO  : Checking for BSP changes to sync application flags for project 'App'...
23:06:27 INFO  : Checking for BSP changes to sync application flags for project 'App'...
23:07:33 INFO  : Checking for BSP changes to sync application flags for project 'App'...
23:08:52 INFO  : Checking for BSP changes to sync application flags for project 'App'...
23:09:05 INFO  : Checking for BSP changes to sync application flags for project 'App'...
23:14:46 INFO  : Checking for BSP changes to sync application flags for project 'App'...
23:16:25 INFO  : Checking for BSP changes to sync application flags for project 'App'...
23:16:52 INFO  : Checking for BSP changes to sync application flags for project 'App'...
23:17:30 INFO  : Checking for BSP changes to sync application flags for project 'App'...
